2025-09-12T02:06:30: Error: connect EADDRNOTAVAIL 127.0.0.1:6380 - Local (0.0.0.0:0)
2025-09-12T02:06:30:     at internalConnect (node:net:1110:16)
2025-09-12T02:06:30:     at defaultTriggerAsyncIdScope (node:internal/async_hooks:464:18)
2025-09-12T02:06:30:     at GetAddrInfoReqWrap.emitLookup [as callback] (node:net:1432:9)
2025-09-12T02:06:30:     at GetAddrInfoReqWrap.onlookup [as oncomplete] (node:dns:113:8) {
2025-09-12T02:06:30:   errno: -99,
2025-09-12T02:06:30:   code: 'EADDRNOTAVAIL',
2025-09-12T02:06:30:   syscall: 'connect',
2025-09-12T02:06:30:   address: '127.0.0.1',
2025-09-12T02:06:30:   port: 6380
2025-09-12T02:06:30: }
2025-09-12T02:06:30: [ioredis] Unhandled error event: Error: connect EADDRNOTAVAIL 127.0.0.1:6380 - Local (0.0.0.0:0)
2025-09-12T02:06:30:     at internalConnect (node:net:1110:16)
2025-09-12T02:06:30:     at defaultTriggerAsyncIdScope (node:internal/async_hooks:464:18)
2025-09-12T02:06:30:     at GetAddrInfoReqWrap.emitLookup [as callback] (node:net:1432:9)
2025-09-12T02:06:30:     at GetAddrInfoReqWrap.onlookup [as oncomplete] (node:dns:113:8)
2025-09-12T02:06:30: Error: connect EADDRNOTAVAIL 127.0.0.1:6380 - Local (0.0.0.0:0)
2025-09-12T02:06:30:     at internalConnect (node:net:1110:16)
2025-09-12T02:06:30:     at defaultTriggerAsyncIdScope (node:internal/async_hooks:464:18)
2025-09-12T02:06:30:     at GetAddrInfoReqWrap.emitLookup [as callback] (node:net:1432:9)
2025-09-12T02:06:30:     at GetAddrInfoReqWrap.onlookup [as oncomplete] (node:dns:113:8) {
2025-09-12T02:06:30:   errno: -99,
2025-09-12T02:06:30:   code: 'EADDRNOTAVAIL',
2025-09-12T02:06:30:   syscall: 'connect',
2025-09-12T02:06:30:   address: '127.0.0.1',
2025-09-12T02:06:30:   port: 6380
2025-09-12T02:06:30: }
2025-09-12T02:06:30: [ioredis] Unhandled error event: Error: connect EADDRNOTAVAIL 127.0.0.1:6380 - Local (0.0.0.0:0)
2025-09-12T02:06:30:     at internalConnect (node:net:1110:16)
2025-09-12T02:06:30:     at defaultTriggerAsyncIdScope (node:internal/async_hooks:464:18)
2025-09-12T02:06:30:     at GetAddrInfoReqWrap.emitLookup [as callback] (node:net:1432:9)
2025-09-12T02:06:30:     at GetAddrInfoReqWrap.onlookup [as oncomplete] (node:dns:113:8)
2025-09-12T02:06:31: [ioredis] Unhandled error event: Error: connect EADDRNOTAVAIL 127.0.0.1:6380 - Local (0.0.0.0:0)
2025-09-12T02:06:31:     at internalConnect (node:net:1110:16)
2025-09-12T02:06:31:     at defaultTriggerAsyncIdScope (node:internal/async_hooks:464:18)
2025-09-12T02:06:31:     at GetAddrInfoReqWrap.emitLookup [as callback] (node:net:1432:9)
2025-09-12T02:06:31:     at GetAddrInfoReqWrap.onlookup [as oncomplete] (node:dns:113:8)
2025-09-12T02:06:31: Error: connect EADDRNOTAVAIL 127.0.0.1:6380 - Local (0.0.0.0:0)
2025-09-12T02:06:31:     at internalConnect (node:net:1110:16)
2025-09-12T02:06:31:     at defaultTriggerAsyncIdScope (node:internal/async_hooks:464:18)
2025-09-12T02:06:31:     at GetAddrInfoReqWrap.emitLookup [as callback] (node:net:1432:9)
2025-09-12T02:06:31:     at GetAddrInfoReqWrap.onlookup [as oncomplete] (node:dns:113:8) {
2025-09-12T02:06:31:   errno: -99,
2025-09-12T02:06:31:   code: 'EADDRNOTAVAIL',
2025-09-12T02:06:31:   syscall: 'connect',
2025-09-12T02:06:31:   address: '127.0.0.1',
2025-09-12T02:06:31:   port: 6380
2025-09-12T02:06:31: }
2025-09-12T02:06:31: [ioredis] Unhandled error event: Error: connect EADDRNOTAVAIL 127.0.0.1:6380 - Local (0.0.0.0:0)
2025-09-12T02:06:31:     at internalConnect (node:net:1110:16)
2025-09-12T02:06:31:     at defaultTriggerAsyncIdScope (node:internal/async_hooks:464:18)
2025-09-12T02:06:31:     at GetAddrInfoReqWrap.emitLookup [as callback] (node:net:1432:9)
2025-09-12T02:06:31:     at GetAddrInfoReqWrap.onlookup [as oncomplete] (node:dns:113:8)
2025-09-12T02:06:32: Error: connect EADDRNOTAVAIL 127.0.0.1:6380 - Local (0.0.0.0:0)
2025-09-12T02:06:32:     at internalConnect (node:net:1110:16)
2025-09-12T02:06:32:     at defaultTriggerAsyncIdScope (node:internal/async_hooks:464:18)
2025-09-12T02:06:32:     at GetAddrInfoReqWrap.emitLookup [as callback] (node:net:1432:9)
2025-09-12T02:06:32:     at GetAddrInfoReqWrap.onlookup [as oncomplete] (node:dns:113:8) {
2025-09-12T02:06:32:   errno: -99,
2025-09-12T02:06:32:   code: 'EADDRNOTAVAIL',
2025-09-12T02:06:32:   syscall: 'connect',
2025-09-12T02:06:32:   address: '127.0.0.1',
2025-09-12T02:06:32:   port: 6380
2025-09-12T02:06:32: }
2025-09-12T02:06:32: Error: connect EADDRNOTAVAIL 127.0.0.1:6380 - Local (0.0.0.0:0)
2025-09-12T02:06:32:     at internalConnect (node:net:1110:16)
2025-09-12T02:06:32:     at defaultTriggerAsyncIdScope (node:internal/async_hooks:464:18)
2025-09-12T02:06:32:     at GetAddrInfoReqWrap.emitLookup [as callback] (node:net:1432:9)
2025-09-12T02:06:32:     at GetAddrInfoReqWrap.onlookup [as oncomplete] (node:dns:113:8) {
2025-09-12T02:06:32:   errno: -99,
2025-09-12T02:06:32:   code: 'EADDRNOTAVAIL',
2025-09-12T02:06:32:   syscall: 'connect',
2025-09-12T02:06:32:   address: '127.0.0.1',
2025-09-12T02:06:32:   port: 6380
2025-09-12T02:06:32: }
2025-09-12T02:06:32: [ioredis] Unhandled error event: Error: connect EADDRNOTAVAIL 127.0.0.1:6380 - Local (0.0.0.0:0)
2025-09-12T02:06:32:     at internalConnect (node:net:1110:16)
2025-09-12T02:06:32:     at defaultTriggerAsyncIdScope (node:internal/async_hooks:464:18)
2025-09-12T02:06:32:     at GetAddrInfoReqWrap.emitLookup [as callback] (node:net:1432:9)
2025-09-12T02:06:32:     at GetAddrInfoReqWrap.onlookup [as oncomplete] (node:dns:113:8)
2025-09-12T02:06:32: [ioredis] Unhandled error event: Error: connect EADDRNOTAVAIL 127.0.0.1:6380 - Local (0.0.0.0:0)
2025-09-12T02:06:32:     at internalConnect (node:net:1110:16)
2025-09-12T02:06:32:     at defaultTriggerAsyncIdScope (node:internal/async_hooks:464:18)
2025-09-12T02:06:32:     at GetAddrInfoReqWrap.emitLookup [as callback] (node:net:1432:9)
2025-09-12T02:06:32:     at GetAddrInfoReqWrap.onlookup [as oncomplete] (node:dns:113:8)
2025-09-12T02:06:32: Error: connect EADDRNOTAVAIL 127.0.0.1:6380 - Local (0.0.0.0:0)
2025-09-12T02:06:32:     at internalConnect (node:net:1110:16)
2025-09-12T02:06:32:     at defaultTriggerAsyncIdScope (node:internal/async_hooks:464:18)
2025-09-12T02:06:32:     at GetAddrInfoReqWrap.emitLookup [as callback] (node:net:1432:9)
2025-09-12T02:06:32:     at GetAddrInfoReqWrap.onlookup [as oncomplete] (node:dns:113:8) {
2025-09-12T02:06:32:   errno: -99,
2025-09-12T02:06:32:   code: 'EADDRNOTAVAIL',
2025-09-12T02:06:32:   syscall: 'connect',
2025-09-12T02:06:32:   address: '127.0.0.1',
2025-09-12T02:06:32:   port: 6380
2025-09-12T02:06:32: }
2025-09-12T02:06:32: 🚨 Production security issues detected:
2025-09-12T02:06:32: 
2025-09-12T02:06:32:   • DATABASE_URL should not use localhost in production
2025-09-12T02:06:32:   • Redis should not use localhost in production
2025-09-12T02:06:32:   • FRONTEND_URL should use HTTPS in production
2025-09-12T02:06:32: 
2025-09-12T02:06:32: These issues must be resolved before deploying to production.
2025-09-12T02:13:47: IMPORTANT! Eviction policy is allkeys-lru. It should be "noeviction"
2025-09-12T02:13:47: IMPORTANT! Eviction policy is allkeys-lru. It should be "noeviction"
2025-09-12T02:13:48: 🚨 Production security issues detected:
2025-09-12T02:13:48: 
2025-09-12T02:13:48:   • DATABASE_URL should not use localhost in production
2025-09-12T02:13:48:   • Redis should not use localhost in production
2025-09-12T02:13:48:   • FRONTEND_URL should use HTTPS in production
2025-09-12T02:13:48: 
2025-09-12T02:13:48: These issues must be resolved before deploying to production.
2025-09-12T02:35:21: IMPORTANT! Eviction policy is allkeys-lru. It should be "noeviction"
2025-09-12T02:35:21: IMPORTANT! Eviction policy is allkeys-lru. It should be "noeviction"
2025-09-12T02:35:22: 🚨 Production security issues detected:
2025-09-12T02:35:22: 
2025-09-12T02:35:22:   • DATABASE_URL should not use localhost in production
2025-09-12T02:35:22:   • Redis should not use localhost in production
2025-09-12T02:35:22:   • FRONTEND_URL should use HTTPS in production
2025-09-12T02:35:22: 
2025-09-12T02:35:22: These issues must be resolved before deploying to production.
2025-09-12T02:38:32: IMPORTANT! Eviction policy is allkeys-lru. It should be "noeviction"
2025-09-12T02:38:32: IMPORTANT! Eviction policy is allkeys-lru. It should be "noeviction"
2025-09-12T02:38:34: 🚨 Production security issues detected:
2025-09-12T02:38:34: 
2025-09-12T02:38:34:   • DATABASE_URL should not use localhost in production
2025-09-12T02:38:34:   • Redis should not use localhost in production
2025-09-12T02:38:34:   • FRONTEND_URL should use HTTPS in production
2025-09-12T02:38:34: 
2025-09-12T02:38:34: These issues must be resolved before deploying to production.
2025-09-12T02:49:44: IMPORTANT! Eviction policy is allkeys-lru. It should be "noeviction"
2025-09-12T02:49:44: IMPORTANT! Eviction policy is allkeys-lru. It should be "noeviction"
2025-09-12T02:49:48: 🚨 Production security issues detected:
2025-09-12T02:49:48: 
2025-09-12T02:49:48:   • DATABASE_URL should not use localhost in production
2025-09-12T02:49:48:   • Redis should not use localhost in production
2025-09-12T02:49:48:   • FRONTEND_URL should use HTTPS in production
2025-09-12T02:49:48: 
2025-09-12T02:49:48: These issues must be resolved before deploying to production.
2025-09-12T02:52:26: IMPORTANT! Eviction policy is allkeys-lru. It should be "noeviction"
2025-09-12T02:52:26: IMPORTANT! Eviction policy is allkeys-lru. It should be "noeviction"
2025-09-12T02:52:28: 🚨 Production security issues detected:
2025-09-12T02:52:28: 
2025-09-12T02:52:28:   • DATABASE_URL should not use localhost in production
2025-09-12T02:52:28:   • Redis should not use localhost in production
2025-09-12T02:52:28:   • FRONTEND_URL should use HTTPS in production
2025-09-12T02:52:28: 
2025-09-12T02:52:28: These issues must be resolved before deploying to production.
2025-09-12T02:53:50: node:internal/modules/run_main:123
2025-09-12T02:53:50:     triggerUncaughtException(
2025-09-12T02:53:50:     ^
2025-09-12T02:53:50: 
2025-09-12T02:53:50: Error: Transform failed with 1 error:
2025-09-12T02:53:50: /home/ubuntu/cryb-platform/apps/api/src/app.ts:21:47: ERROR: Syntax error "n"
2025-09-12T02:53:50:     at failureErrorWithLog (/home/ubuntu/cryb-platform/node_modules/.pnpm/esbuild@0.25.8/node_modules/esbuild/lib/main.js:1467:15)
2025-09-12T02:53:50:     at /home/ubuntu/cryb-platform/node_modules/.pnpm/esbuild@0.25.8/node_modules/esbuild/lib/main.js:736:50
2025-09-12T02:53:50:     at responseCallbacks.<computed> (/home/ubuntu/cryb-platform/node_modules/.pnpm/esbuild@0.25.8/node_modules/esbuild/lib/main.js:603:9)
2025-09-12T02:53:50:     at handleIncomingPacket (/home/ubuntu/cryb-platform/node_modules/.pnpm/esbuild@0.25.8/node_modules/esbuild/lib/main.js:658:12)
2025-09-12T02:53:50:     at Socket.readFromStdout (/home/ubuntu/cryb-platform/node_modules/.pnpm/esbuild@0.25.8/node_modules/esbuild/lib/main.js:581:7)
2025-09-12T02:53:50:     at Socket.emit (node:events:518:28)
2025-09-12T02:53:50:     at addChunk (node:internal/streams/readable:561:12)
2025-09-12T02:53:50:     at readableAddChunkPushByteMode (node:internal/streams/readable:512:3)
2025-09-12T02:53:50:     at Readable.push (node:internal/streams/readable:392:5)
2025-09-12T02:53:50:     at Pipe.onStreamRead (node:internal/stream_base_commons:189:23) {
2025-09-12T02:53:50:   name: 'TransformError'
2025-09-12T02:53:50: }
2025-09-12T02:53:50: 
2025-09-12T02:53:50: Node.js v22.18.0
2025-09-12T02:55:47: IMPORTANT! Eviction policy is allkeys-lru. It should be "noeviction"
2025-09-12T02:55:47: IMPORTANT! Eviction policy is allkeys-lru. It should be "noeviction"
2025-09-12T02:55:47: 🚨 Production security issues detected:
2025-09-12T02:55:47: 
2025-09-12T02:55:47:   • DATABASE_URL should not use localhost in production
2025-09-12T02:55:47:   • Redis should not use localhost in production
2025-09-12T02:55:47:   • FRONTEND_URL should use HTTPS in production
2025-09-12T02:55:47: 
2025-09-12T02:55:47: These issues must be resolved before deploying to production.
2025-09-12T02:58:37: IMPORTANT! Eviction policy is allkeys-lru. It should be "noeviction"
2025-09-12T02:58:37: IMPORTANT! Eviction policy is allkeys-lru. It should be "noeviction"
2025-09-12T02:58:38: 🚨 Production security issues detected:
2025-09-12T02:58:38: 
2025-09-12T02:58:38:   • DATABASE_URL should not use localhost in production
2025-09-12T02:58:38:   • Redis should not use localhost in production
2025-09-12T02:58:38:   • FRONTEND_URL should use HTTPS in production
2025-09-12T02:58:38: 
2025-09-12T02:58:38: These issues must be resolved before deploying to production.
2025-09-12T03:05:10: 🚨 Production security issues detected:
2025-09-12T03:05:10: 
2025-09-12T03:05:10:   • DATABASE_URL should not use localhost in production
2025-09-12T03:05:10:   • Redis should not use localhost in production
2025-09-12T03:05:10:   • FRONTEND_URL should use HTTPS in production
2025-09-12T03:05:10: 
2025-09-12T03:05:10: These issues must be resolved before deploying to production.
2025-09-12T03:12:22: IMPORTANT! Eviction policy is allkeys-lru. It should be "noeviction"
2025-09-12T03:12:22: IMPORTANT! Eviction policy is allkeys-lru. It should be "noeviction"
2025-09-12T03:12:23: 🚨 Production security issues detected:
2025-09-12T03:12:23: 
2025-09-12T03:12:23:   • DATABASE_URL should not use localhost in production
2025-09-12T03:12:23:   • Redis should not use localhost in production
2025-09-12T03:12:23:   • FRONTEND_URL should use HTTPS in production
2025-09-12T03:12:23: 
2025-09-12T03:12:23: These issues must be resolved before deploying to production.
2025-09-12T03:19:08: IMPORTANT! Eviction policy is allkeys-lru. It should be "noeviction"
2025-09-12T03:19:08: IMPORTANT! Eviction policy is allkeys-lru. It should be "noeviction"
2025-09-12T03:19:10: 🚨 Production security issues detected:
2025-09-12T03:19:10: 
2025-09-12T03:19:10:   • DATABASE_URL should not use localhost in production
2025-09-12T03:19:10:   • Redis should not use localhost in production
2025-09-12T03:19:10:   • FRONTEND_URL should use HTTPS in production
2025-09-12T03:19:10: 
2025-09-12T03:19:10: These issues must be resolved before deploying to production.
2025-09-12T03:22:44: IMPORTANT! Eviction policy is allkeys-lru. It should be "noeviction"
2025-09-12T03:22:44: IMPORTANT! Eviction policy is allkeys-lru. It should be "noeviction"
2025-09-12T03:22:47: 🚨 Production security issues detected:
2025-09-12T03:22:47: 
2025-09-12T03:22:47:   • DATABASE_URL should not use localhost in production
2025-09-12T03:22:47:   • Redis should not use localhost in production
2025-09-12T03:22:47:   • FRONTEND_URL should use HTTPS in production
2025-09-12T03:22:47: 
2025-09-12T03:22:47: These issues must be resolved before deploying to production.
2025-09-12T03:37:05: IMPORTANT! Eviction policy is allkeys-lru. It should be "noeviction"
2025-09-12T03:37:05: IMPORTANT! Eviction policy is allkeys-lru. It should be "noeviction"
2025-09-12T03:37:07: 🚨 Production security issues detected:
2025-09-12T03:37:07: 
2025-09-12T03:37:07:   • DATABASE_URL should not use localhost in production
2025-09-12T03:37:07:   • Redis should not use localhost in production
2025-09-12T03:37:07:   • FRONTEND_URL should use HTTPS in production
2025-09-12T03:37:07: 
2025-09-12T03:37:07: These issues must be resolved before deploying to production.
