2025-09-12T01:29:06: 
> @cryb/web@0.0.1 dev
> next dev

2025-09-12T01:29:20: 2025-09-12T01:29:20: 2025-09-12T01:29:20: 2025-09-12T01:29:25: 
> @cryb/web@0.0.1 dev
> next dev

2025-09-12T01:29:33: 2025-09-12T01:29:33: 2025-09-12T01:29:33: 2025-09-12T01:29:38: 
> @cryb/web@0.0.1 dev
> next dev

2025-09-12T01:29:46: 2025-09-12T01:29:46: 2025-09-12T01:29:46: 2025-09-12T01:29:49: 
> @cryb/web@0.0.1 dev
> next dev

2025-09-12T01:29:57: 2025-09-12T01:29:57: 2025-09-12T01:29:57: 2025-09-12T01:30:01: 
> @cryb/web@0.0.1 dev
> next dev

2025-09-12T01:30:09: 2025-09-12T01:30:09: 2025-09-12T01:30:09: 2025-09-12T01:30:13: 
> @cryb/web@0.0.1 dev
> next dev

2025-09-12T01:30:21: 2025-09-12T01:30:21: 2025-09-12T01:30:21: 2025-09-12T01:30:27: 
> @cryb/web@0.0.1 dev
> next dev

2025-09-12T01:30:33: 2025-09-12T01:30:33: 2025-09-12T01:30:33: 2025-09-12T01:30:37: 
> @cryb/web@0.0.1 dev
> next dev

2025-09-12T01:30:43: 2025-09-12T01:30:43: 2025-09-12T01:30:47: 
> @cryb/web@0.0.1 dev
> next dev

2025-09-12T01:30:55: 2025-09-12T01:30:55: 2025-09-12T01:30:55: 2025-09-12T01:31:00: 
> @cryb/web@0.0.1 dev
> next dev

2025-09-12T01:31:06: 2025-09-12T01:31:06: 2025-09-12T01:31:06: 2025-09-12T01:31:10: 
> @cryb/web@0.0.1 dev
> next dev

2025-09-12T01:31:18: 2025-09-12T01:31:18: 2025-09-12T01:31:18: 2025-09-12T01:31:22: 
> @cryb/web@0.0.1 dev
> next dev

2025-09-12T01:31:31: 2025-09-12T01:31:31: 2025-09-12T01:31:31: 2025-09-12T01:31:57: 
> @cryb/web@0.0.1 dev
> next dev

2025-09-12T02:04:31: 
2025-09-12T02:04:31: > @cryb/web@0.0.1 dev
2025-09-12T02:04:31: > next dev
2025-09-12T02:04:31: 
2025-09-12T02:04:34:  ⚠ You are using a non-standard "NODE_ENV" value in your environment. This creates inconsistencies in the project and is strongly advised against. Read more: https://nextjs.org/docs/messages/non-standard-node-env
2025-09-12T02:04:38:  ⚠ Warning: Found multiple lockfiles. Selecting /home/ubuntu/package-lock.json.
2025-09-12T02:04:38:    Consider removing the lockfiles at:
2025-09-12T02:04:38:    * /home/ubuntu/cryb-platform/pnpm-lock.yaml
2025-09-12T02:04:38: 
2025-09-12T02:04:57:    ▲ Next.js 15.4.6
2025-09-12T02:04:57:    - Local:        http://localhost:3000
2025-09-12T02:04:57:    - Network:      http://172.26.13.67:3000
2025-09-12T02:04:57:    - Environments: .env.local
2025-09-12T02:04:57:    - Experiments (use with caution):
2025-09-12T02:04:57:      · serverActions
2025-09-12T02:04:57: 
2025-09-12T02:04:57:  ✓ Starting...
2025-09-12T02:05:45:  ✓ Ready in 51.9s
2025-09-12T02:12:36: [?25h
2025-09-12T02:12:44: 
2025-09-12T02:12:44: > @cryb/web@0.0.1 dev
2025-09-12T02:12:44: > next dev
2025-09-12T02:12:44: 
2025-09-12T02:12:46:  ⚠ You are using a non-standard "NODE_ENV" value in your environment. This creates inconsistencies in the project and is strongly advised against. Read more: https://nextjs.org/docs/messages/non-standard-node-env
2025-09-12T02:12:50:  ⚠ Warning: Found multiple lockfiles. Selecting /home/ubuntu/package-lock.json.
2025-09-12T02:12:50:    Consider removing the lockfiles at:
2025-09-12T02:12:50:    * /home/ubuntu/cryb-platform/pnpm-lock.yaml
2025-09-12T02:12:50: 
2025-09-12T02:13:01:    ▲ Next.js 15.4.6
2025-09-12T02:13:01:    - Local:        http://localhost:3000
2025-09-12T02:13:01:    - Network:      http://172.26.13.67:3000
2025-09-12T02:13:01:    - Environments: .env.local
2025-09-12T02:13:01:    - Experiments (use with caution):
2025-09-12T02:13:01:      · serverActions
2025-09-12T02:13:01: 
2025-09-12T02:13:01:  ✓ Starting...
2025-09-12T02:13:29:  ✓ Ready in 30.1s
2025-09-12T02:14:31:  ○ Compiling / ...
2025-09-12T02:15:16:  ✓ Compiled / in 46.1s (773 modules)
2025-09-12T02:15:21:  GET / 200 in 51027ms
2025-09-12T02:15:27:  ✓ Compiled in 6.8s (299 modules)
2025-09-12T02:17:29:  GET / 200 in 650ms
2025-09-12T02:20:16:  GET / 200 in 807ms
2025-09-12T03:08:11:  ○ Compiling /_not-found ...
2025-09-12T03:08:18:  ✓ Compiled /_not-found in 8.5s (700 modules)
2025-09-12T03:08:21:  GET /health 404 in 11197ms
